<?xml version="1.0" encoding="UTF-8"?>
<robot generator="Robot 5.0.1 (Python 3.10.6 on darwin)" generated="20220911 12:29:43.989" rpa="false" schemaversion="3">
<suite id="s1" name="Login" source="/Users/anhle/PycharmProjects/Olivia/Test/Login.robot">
<test id="s1-t1" name="Verify login page" line="12">
<kw name="Open Browser11" library="Common">
<arg>${url}</arg>
<arg>${browser}</arg>
<kw name="Open Browser" library="SeleniumLibrary">
<arg>${url}</arg>
<arg>${browser}</arg>
<doc>Opens a new browser instance to the optional ``url``.</doc>
<msg timestamp="20220911 12:29:44.055" level="INFO">Opening browser 'chrome' to base url 'https://stg.paradox.ai/login'.</msg>
<status status="PASS" starttime="20220911 12:29:44.055" endtime="20220911 12:29:52.151"/>
</kw>
<status status="PASS" starttime="20220911 12:29:44.055" endtime="20220911 12:29:52.151"/>
</kw>
<doc>Test login</doc>
<status status="PASS" starttime="20220911 12:29:44.055" endtime="20220911 12:29:52.151"/>
</test>
<status status="PASS" starttime="20220911 12:29:43.990" endtime="20220911 12:29:52.152"/>
</suite>
<statistics>
<total>
<stat pass="1" fail="0" skip="0">All Tests</stat>
</total>
<tag>
</tag>
<suite>
<stat pass="1" fail="0" skip="0" id="s1" name="Login">Login</stat>
</suite>
</statistics>
<errors>
</errors>
</robot>
